<?xml version="1.0" encoding="UTF-8" ?>
<testsuite errors="0" failures="0" hostname="DESKTOP-GI9ANLP" name="sample.UtilsTest" skipped="1" tests="4" time="0.553" timestamp="2021-03-23T13:07:24">
  <properties>
    <property name="netbeans.autoupdate.country" value="ES" />
    <property name="nb.wait.for.caches" value="true" />
    <property name="javac.test.classpath" value=":build/classes:C:\Program Files\NetBeans 8.2\platform\modules\ext\junit-4.12.jar:C:\Program Files\NetBeans 8.2\platform\modules\ext\hamcrest-core-1.3.jar" />
    <property name="libs.JasperReports.javadoc" value="" />
    <property name="ant.core.lib" value="C:\Program Files\NetBeans 8.2\extide\ant\lib\ant.jar" />
    <property name="javadoc.windowtitle" value="" />
    <property name="user.dir" value="D:\Yo\Grado\2ยบ DAM\Desarrollo de Interfaces\Tema 8\JUnit-Sample" />
    <property name="java.vm.version" value="25.111-b14" />
    <property name="libs.JasperReports.src" value="" />
    <property name="libs.MySQLDriver.classpath" value="C:\Program Files\NetBeans 8.2\ide\modules\ext\mysql-connector-java-5.1.23-bin.jar" />
    <property name="libs.eclipselinkmodelgen.src" value="" />
    <property name="javadoc.notree" value="false" />
    <property name="netbeans.autoupdate.version" value="1.23" />
    <property name="javac.profile.cmd.line.arg" value="" />
    <property name="jdk.home" value="C:\Program Files\Java\jdk1.8.0_111" />
    <property name="libs.javac-api.src" value="" />
    <property name="javadoc.noindex" value="false" />
    <property name="libs.jpa2-persistence.classpath" value="C:\Program Files\NetBeans 8.2\java\modules\ext\hibernate4\hibernate-jpa-2.1-api-1.0.0.Final.jar" />
    <property name="sun.os.patch.level" value="" />
    <property name="java.vm.specification.name" value="Java Virtual Machine Specification" />
    <property name="nb.show.statistics.ui" value="usageStatisticsEnabled" />
    <property name="netbeans.autoupdate.variant" value="" />
    <property name="have.tests" value="true" />
    <property name="org.xml.sax.driver" value="com.sun.org.apache.xerces.internal.jaxp.SAXParserImpl$JAXPSAXParser" />
    <property name="libs.hamcrest.classpath" value="C:\Program Files\NetBeans 8.2\platform\modules\ext\hamcrest-core-1.3.jar" />
    <property name="libs.javac-api.javadoc" value="" />
    <property name="os.name" value="Windows 10" />
    <property name="libs.beans-binding.classpath" value="C:\Program Files\NetBeans 8.2\java\modules\ext\beansbinding-1.2.1.jar" />
    <property name="ap.proc.none.internal" value="" />
    <property name="libs.JWSAntTasks.maven-pom" value="" />
    <property name="libs.testng.src" value="" />
    <property name="java.vendor.url.bug" value="http://bugreport.sun.com/bugreport/" />
    <property name="libs.jaxb.maven-pom" value="" />
    <property name="os.arch" value="amd64" />
    <property name="libs.eclipselink.src" value="" />
    <property name="user.name" value="raul-" />
    <property name="copylibs.rebase" value="true" />
    <property name="libs.swing-layout.maven-pom" value="" />
    <property name="sun.java.command" value="org.apache.tools.ant.taskdefs.optional.junit.JUnitTestRunner sample.UtilsTest skipNonTests=false filtertrace=true haltOnError=false haltOnFailure=false showoutput=true outputtoformatters=true logfailedtests=true threadid=0 logtestlistenerevents=true formatter=org.apache.tools.ant.taskdefs.optional.junit.BriefJUnitResultFormatter formatter=org.apache.tools.ant.taskdefs.optional.junit.XMLJUnitResultFormatter,D:\Yo\Grado\2ยบ DAM\Desarrollo de Interfaces\Tema 8\JUnit-Sample\build\test\results\TEST-sample.UtilsTest.xml crashfile=D:\Yo\Grado\2ยบ DAM\Desarrollo de Interfaces\Tema 8\JUnit-Sample\build\junitvmwatcher8603000244012343418.properties propsfile=D:\Yo\Grado\2ยบ DAM\Desarrollo de Interfaces\Tema 8\JUnit-Sample\build\junit4798753796716397068.properties" />
    <property name="build.classes.dir" value="build/classes" />
    <property name="netbeans.accept_license_class" value="org.netbeans.license.AcceptLicense" />
    <property name="build.sysclasspath" value="ignore" />
    <property name="manifest.encoding" value="UTF-8" />
    <property name="ap.supported.internal" value="true" />
    <property name="java.failonerror" value="true" />
    <property name="libs.jaxws21.javadoc" value="C:\Program Files\NetBeans 8.2\java\docs\jaxws-api-doc.zip" />
    <property name="includes" value="**" />
    <property name="user.country" value="ES" />
    <property name="javadoc.encoding" value="UTF-8" />
    <property name="javac.classpath" value="" />
    <property name="libs.JAVADB_DRIVER_LABEL.src" value="" />
    <property name="libs.spring-framework400.classpath" value="C:\Program Files\NetBeans 8.2\ide\modules\org-apache-commons-logging.jar;C:\Program Files\NetBeans 8.2\java\modules\ext\cglib-2.2.jar;C:\Program Files\NetBeans 8.2\java\modules\ext\spring-4\spring-aop-4.0.1.RELEASE.jar;C:\Program Files\NetBeans 8.2\java\modules\ext\spring-4\spring-aspects-4.0.1.RELEASE.jar;C:\Program Files\NetBeans 8.2\java\modules\ext\spring-4\spring-beans-4.0.1.RELEASE.jar;C:\Program Files\NetBeans 8.2\java\modules\ext\spring-4\spring-build-src-4.0.1.RELEASE.jar;C:\Program Files\NetBeans 8.2\java\modules\ext\spring-4\spring-context-4.0.1.RELEASE.jar;C:\Program Files\NetBeans 8.2\java\modules\ext\spring-4\spring-context-support-4.0.1.RELEASE.jar;C:\Program Files\NetBeans 8.2\java\modules\ext\spring-4\spring-core-4.0.1.RELEASE.jar;C:\Program Files\NetBeans 8.2\java\modules\ext\spring-4\spring-expression-4.0.1.RELEASE.jar;C:\Program Files\NetBeans 8.2\java\modules\ext\spring-4\spring-framework-bom-4.0.1.RELEASE.jar;C:\Program Files\NetBeans 8.2\java\modules\ext\spring-4\spring-instrument-4.0.1.RELEASE.jar;C:\Program Files\NetBeans 8.2\java\modules\ext\spring-4\spring-instrument-tomcat-4.0.1.RELEASE.jar;C:\Program Files\NetBeans 8.2\java\modules\ext\spring-4\spring-jdbc-4.0.1.RELEASE.jar;C:\Program Files\NetBeans 8.2\java\modules\ext\spring-4\spring-jms-4.0.1.RELEASE.jar;C:\Program Files\NetBeans 8.2\java\modules\ext\spring-4\spring-messaging-4.0.1.RELEASE.jar;C:\Program Files\NetBeans 8.2\java\modules\ext\spring-4\spring-orm-4.0.1.RELEASE.jar;C:\Program Files\NetBeans 8.2\java\modules\ext\spring-4\spring-oxm-4.0.1.RELEASE.jar;C:\Program Files\NetBeans 8.2\java\modules\ext\spring-4\spring-test-4.0.1.RELEASE.jar;C:\Program Files\NetBeans 8.2\java\modules\ext\spring-4\spring-tx-4.0.1.RELEASE.jar;C:\Program Files\NetBeans 8.2\java\modules\ext\spring-4\spring-web-4.0.1.RELEASE.jar;C:\Program Files\NetBeans 8.2\java\modules\ext\spring-4\spring-webmvc-4.0.1.RELEASE.jar;C:\Program Files\NetBeans 8.2\java\modules\ext\spring-4\spring-webmvc-portlet-4.0.1.RELEASE.jar;C:\Program Files\NetBeans 8.2\java\modules\ext\spring-4\spring-websocket-4.0.1.RELEASE.jar" />
    <property name="debug-transport" value="dt_shmem" />
    <property name="netbeans.home" value="C:\Program Files\NetBeans 8.2\platform" />
    <property name="build.compiler.emacs" value="true" />
    <property name="java.endorsed.dirs" value="C:\Program Files\Java\jdk1.8.0_111\jre\lib\endorsed" />
    <property name="libs.groovy-all.src" value="" />
    <property name="netbeans.dynamic.classpath" value="C:\Program Files\NetBeans 8.2\platform\core\asm-all-5.0.1.jar;C:\Program Files\NetBeans 8.2\platform\core\core-base.jar;C:\Program Files\NetBeans 8.2\platform\core\core.jar;C:\Program Files\NetBeans 8.2\platform\core\org-netbeans-libs-asm.jar;C:\Program Files\NetBeans 8.2\platform\core\org-openide-filesystems-compat8.jar;C:\Program Files\NetBeans 8.2\platform\core\org-openide-filesystems.jar;C:\Program Files\NetBeans 8.2\platform\core\locale\core-base_ja.jar;C:\Program Files\NetBeans 8.2\platform\core\locale\core-base_pt_BR.jar;C:\Program Files\NetBeans 8.2\platform\core\locale\core-base_ru.jar;C:\Program Files\NetBeans 8.2\platform\core\locale\core-base_zh_CN.jar;C:\Program Files\NetBeans 8.2\platform\core\locale\core_ja.jar;C:\Program Files\NetBeans 8.2\platform\core\locale\core_pt_BR.jar;C:\Program Files\NetBeans 8.2\platform\core\locale\core_ru.jar;C:\Program Files\NetBeans 8.2\platform\core\locale\core_zh_CN.jar;C:\Program Files\NetBeans 8.2\platform\core\locale\org-netbeans-libs-asm_ja.jar;C:\Program Files\NetBeans 8.2\platform\core\locale\org-netbeans-libs-asm_pt_BR.jar;C:\Program Files\NetBeans 8.2\platform\core\locale\org-netbeans-libs-asm_ru.jar;C:\Program Files\NetBeans 8.2\platform\core\locale\org-netbeans-libs-asm_zh_CN.jar;C:\Program Files\NetBeans 8.2\platform\core\locale\org-openide-filesystems-compat8_ja.jar;C:\Program Files\NetBeans 8.2\platform\core\locale\org-openide-filesystems-compat8_pt_BR.jar;C:\Program Files\NetBeans 8.2\platform\core\locale\org-openide-filesystems-compat8_ru.jar;C:\Program Files\NetBeans 8.2\platform\core\locale\org-openide-filesystems-compat8_zh_CN.jar;C:\Program Files\NetBeans 8.2\platform\core\locale\org-openide-filesystems_ja.jar;C:\Program Files\NetBeans 8.2\platform\core\locale\org-openide-filesystems_pt_BR.jar;C:\Program Files\NetBeans 8.2\platform\core\locale\org-openide-filesystems_ru.jar;C:\Program Files\NetBeans 8.2\platform\core\locale\org-openide-filesystems_zh_CN.jar;C:\Program Files\NetBeans 8.2\nb\core\org-netbeans-upgrader.jar;C:\Program Files\NetBeans 8.2\nb\core\locale\core_nb.jar;C:\Program Files\NetBeans 8.2\nb\core\locale\core_nb_ja.jar;C:\Program Files\NetBeans 8.2\nb\core\locale\core_nb_pt_BR.jar;C:\Program Files\NetBeans 8.2\nb\core\locale\core_nb_ru.jar;C:\Program Files\NetBeans 8.2\nb\core\locale\core_nb_zh_CN.jar;C:\Program Files\NetBeans 8.2\nb\core\locale\org-netbeans-upgrader_ja.jar;C:\Program Files\NetBeans 8.2\nb\core\locale\org-netbeans-upgrader_pt_BR.jar;C:\Program Files\NetBeans 8.2\nb\core\locale\org-netbeans-upgrader_ru.jar;C:\Program Files\NetBeans 8.2\nb\core\locale\org-netbeans-upgrader_zh_CN.jar" />
    <property name="java.vm.specification.version" value="1.8" />
    <property name="libs.hibernate4-support.src" value="" />
    <property name="libs.groovy-all.maven-pom" value="" />
    <property name="netbeans.productversion" value="NetBeans IDE 8.2 (Build 201609300101)" />
    <property name="libs.jaxws21.src" value="" />
    <property name="do.archive" value="true" />
    <property name="netbeans.autoupdate.language" value="es" />
    <property name="java.vendor" value="Oracle Corporation" />
    <property name="jar.index.metainf" value="false" />
    <property name="javac.debug" value="true" />
    <property name="javadoc.splitindex" value="true" />
    <property name="file.separator" value="\" />
    <property name="libs.junit_4.maven-pom" value="" />
    <property name="mkdist.disabled" value="true" />
    <property name="javac.test.processorpath" value=":build/classes:C:\Program Files\NetBeans 8.2\platform\modules\ext\junit-4.12.jar:C:\Program Files\NetBeans 8.2\platform\modules\ext\hamcrest-core-1.3.jar" />
    <property name="netbeans.buildnumber" value="201609300101" />
    <property name="libs.JWSAntTasks.javadoc" value="" />
    <property name="build.generated.sources.dir" value="build/generated-sources" />
    <property name="user.variant" value="" />
    <property name="libs.eclipselinkmodelgen.classpath" value="C:\Program Files\NetBeans 8.2\java\modules\ext\eclipselink\org.eclipse.persistence.jpa.modelgen_2.5.2.v20140319-9ad6abd.jar" />
    <property name="sun.java.launcher" value="SUN_STANDARD" />
    <property name="libs.hibernate4-persistencemodelgen.javadoc" value="" />
    <property name="libs.jaxb.javadoc" value="C:\Program Files\NetBeans 8.2\ide\docs\jaxb-api-doc.zip" />
    <property name="ant.home" value="C:\Program Files\NetBeans 8.2\extide\ant" />
    <property name="libs.junit_4.src" value="C:\Program Files\NetBeans 8.2\platform\docs\junit-4.12-sources.jar" />
    <property name="libs.testng.classpath" value="C:\Program Files\NetBeans 8.2\platform\modules\ext\testng-6.8.1-dist.jar" />
    <property name="libs.absolutelayout.maven-pom" value="" />
    <property name="ant.java.version" value="1.8" />
    <property name="java.library.path" value="C:\Program Files\Java\jdk1.8.0_111\jre\bin;C:\WINDOWS\Sun\Java\bin;C:\WINDOWS\system32;C:\WINDOWS;C:\app\raul-\product\18.0.0\dbhomeXE\bin;C:\Program Files\Java\jdk-12.0.2\bin;C:\Windows\system32;C:\Windows;C:\Windows\System32\Wbem;C:\Windows\System32\WindowsPowerShell\v1.0\;C:\Windows\System32\OpenSSH\;C:\Program Files (x86)\NVIDIA Corporation\PhysX\Common;C:\Program Files\NVIDIA Corporation\NVIDIA NvDLISR;C:\Program Files (x86)\Intel\Intel(R) Management Engine Components\DAL;C:\Program Files\Intel\Intel(R) Management Engine Components\DAL;C:\WINDOWS\system32;C:\WINDOWS;C:\WINDOWS\System32\Wbem;C:\WINDOWS\System32\WindowsPowerShell\v1.0\;C:\WINDOWS\System32\OpenSSH\;C:\Program Files\Docker\Docker\resources\bin;C:\ProgramData\DockerDesktop\version-bin;C:\Program Files\dotnet\;D:\Programas\nodejs\;C:\Users\raul-\AppData\Local\Microsoft\WindowsApps;D:\Programas\Microsoft VS Code\bin;C:\Users\raul-\AppData\Local\GitHubDesktop\bin;D:\Programas\Salesforce CLI\bin;C:\Users\raul-\.dotnet\tools;D:\Programas\Git;C:\Users\raul-\AppData\Roaming\npm;;." />
    <property name="javadoc.author" value="false" />
    <property name="java.util.logging.config.class" value="org.netbeans.core.startup.TopLogging" />
    <property name="libs.spring-framework400.src" value="" />
    <property name="libs.PostgreSQLDriver.src" value="" />
    <property name="sun.arch.data.model" value="64" />
    <property name="basedir" value="D:\Yo\Grado\2ยบ DAM\Desarrollo de Interfaces\Tema 8\JUnit-Sample" />
    <property name="libs.jpa20-persistence.maven-pom" value="" />
    <property name="jar.compress" value="false" />
    <property name="libs.JasperReports.classpath" value="D:\Yo\Grado\2ยบ DAM\Desarrollo de Interfaces\Tema 5\libreriasJasper\lib\commons-beanutils-1.7.0.jar;D:\Yo\Grado\2ยบ DAM\Desarrollo de Interfaces\Tema 5\libreriasJasper\lib\commons-collections4-4.4.jar;D:\Yo\Grado\2ยบ DAM\Desarrollo de Interfaces\Tema 5\libreriasJasper\lib\commons-digester-2.1.jar;D:\Yo\Grado\2ยบ DAM\Desarrollo de Interfaces\Tema 5\libreriasJasper\lib\commons-logging-api-1.0.4.jar;D:\Yo\Grado\2ยบ DAM\Desarrollo de Interfaces\Tema 5\libreriasJasper\lib\groovy-all-2.0.1.jar;D:\Yo\Grado\2ยบ DAM\Desarrollo de Interfaces\Tema 5\libreriasJasper\lib\itext-2.1.0.jar;D:\Yo\Grado\2ยบ DAM\Desarrollo de Interfaces\Tema 5\libreriasJasper\lib\itextpdf-5.5.13.1.jar;D:\Yo\Grado\2ยบ DAM\Desarrollo de Interfaces\Tema 5\libreriasJasper\lib\jasperreports-6.16.0.jar;D:\Yo\Grado\2ยบ DAM\Desarrollo de Interfaces\Tema 5\libreriasJasper\lib\jasperreports-annotation-processors-6.16.0.jar;D:\Yo\Grado\2ยบ DAM\Desarrollo de Interfaces\Tema 5\libreriasJasper\lib\jasperreports-chart-customizers-6.16.0.jar;D:\Yo\Grado\2ยบ DAM\Desarrollo de Interfaces\Tema 5\libreriasJasper\lib\jasperreports-chart-themes-6.16.0.jar;D:\Yo\Grado\2ยบ DAM\Desarrollo de Interfaces\Tema 5\libreriasJasper\lib\jasperreports-custom-visualization-6.16.0.jar;D:\Yo\Grado\2ยบ DAM\Desarrollo de Interfaces\Tema 5\libreriasJasper\lib\jasperreports-fonts-6.16.0.jar;D:\Yo\Grado\2ยบ DAM\Desarrollo de Interfaces\Tema 5\libreriasJasper\lib\jasperreports-functions-6.16.0.jar;D:\Yo\Grado\2ยบ DAM\Desarrollo de Interfaces\Tema 5\libreriasJasper\lib\jasperreports-javaflow-6.16.0.jar;D:\Yo\Grado\2ยบ DAM\Desarrollo de Interfaces\Tema 5\libreriasJasper\lib\jasperreports-metadata-6.16.0.jar;D:\Yo\Grado\2ยบ DAM\Desarrollo de Interfaces\Tema 5\libreriasJasper\lib\jcommon-1.0.23.jar;D:\Yo\Grado\2ยบ DAM\Desarrollo de Interfaces\Tema 5\libreriasJasper\lib\jfreechart-1.0.19.jar;D:\Yo\Grado\2ยบ DAM\Desarrollo de Interfaces\Tema 5\libreriasJasper\lib\joda-time-2.10.2.jar;D:\Yo\Grado\2ยบ DAM\Desarrollo de Interfaces\Tema 5\libreriasJasper\lib\log4j-1.2.15.jar;D:\Yo\Grado\2ยบ DAM\Desarrollo de Interfaces\Tema 5\libreriasJasper\lib\png-encoder-1.5.jar;D:\Yo\Grado\2ยบ DAM\Desarrollo de Interfaces\Tema 5\libreriasJasper\lib\spring-beans-3.2.18.RELEASE.jar;D:\Yo\Grado\2ยบ DAM\Desarrollo de Interfaces\Tema 5\libreriasJasper\lib\spring-core-3.2.18.RELEASE.jar;D:\Yo\Grado\2ยบ DAM\Desarrollo de Interfaces\Tema 5\libreriasJasper\lib\spring-expression-3.2.18.RELEASE.jar;D:\Yo\Grado\2ยบ DAM\Desarrollo de Interfaces\Tema 5\libreriasJasper\lib\xalan-2.7.1.jar" />
    <property name="path.separator" value=";" />
    <property name="ant.junit.enabletestlistenerevents" value="true" />
    <property name="sun.io.unicode.encoding" value="UnicodeLittle" />
    <property name="libs.jaxws21.classpath" value="C:\Program Files\NetBeans 8.2\ide\modules\ext\jaxb\jaxb-impl.jar;C:\Program Files\NetBeans 8.2\ide\modules\ext\jaxb\jaxb-xjc.jar;C:\Program Files\NetBeans 8.2\java\modules\ext\jaxws22\FastInfoset.jar;C:\Program Files\NetBeans 8.2\java\modules\ext\jaxws22\gmbal-api-only.jar;C:\Program Files\NetBeans 8.2\java\modules\ext\jaxws22\ha-api.jar;C:\Program Files\NetBeans 8.2\java\modules\ext\jaxws22\javax.mail_1.4.jar;C:\Program Files\NetBeans 8.2\java\modules\ext\jaxws22\jaxws-rt.jar;C:\Program Files\NetBeans 8.2\java\modules\ext\jaxws22\jaxws-tools.jar;C:\Program Files\NetBeans 8.2\java\modules\ext\jaxws22\management-api.jar;C:\Program Files\NetBeans 8.2\java\modules\ext\jaxws22\mimepull.jar;C:\Program Files\NetBeans 8.2\java\modules\ext\jaxws22\policy.jar;C:\Program Files\NetBeans 8.2\java\modules\ext\jaxws22\saaj-impl.jar;C:\Program Files\NetBeans 8.2\java\modules\ext\jaxws22\stax-ex.jar;C:\Program Files\NetBeans 8.2\java\modules\ext\jaxws22\stax2-api.jar;C:\Program Files\NetBeans 8.2\java\modules\ext\jaxws22\streambuffer.jar;C:\Program Files\NetBeans 8.2\java\modules\ext\jaxws22\woodstox-core-asl.jar;C:\Program Files\NetBeans 8.2\java\modules\ext\jaxws22\api\jaxws-api.jar;C:\Program Files\NetBeans 8.2\java\modules\ext\jaxws22\api\jsr181-api.jar;C:\Program Files\NetBeans 8.2\java\modules\ext\jaxws22\api\javax.annotation.jar;C:\Program Files\NetBeans 8.2\java\modules\ext\jaxws22\api\saaj-api.jar;C:\Program Files\NetBeans 8.2\ide\modules\ext\jaxb\activation.jar;C:\Program Files\NetBeans 8.2\ide\modules\ext\jaxb\api\jaxb-api.jar;C:\Program Files\NetBeans 8.2\ide\modules\ext\jaxb\api\jsr173_1.0_api.jar" />
    <property name="compile.on.save" value="true" />
    <property name="apple.awt.graphics.UseQuartz" value="true" />
    <property name="user.language" value="es" />
    <property name="testng.mode" value="testng" />
    <property name="libs.JAXB-ENDORSED.maven-pom" value="" />
    <property name="libs.eclipselink.maven-pom" value="" />
    <property name="test.binaryincludes" value="&lt;nothing&gt;" />
    <property name="libs.spring-framework300.maven-pom" value="" />
    <property name="run.test.classpath" value=":build/classes:C:\Program Files\NetBeans 8.2\platform\modules\ext\junit-4.12.jar:C:\Program Files\NetBeans 8.2\platform\modules\ext\hamcrest-core-1.3.jar:build/test/classes" />
    <property name="ant.project.invoked-targets" value="test" />
    <property name="test.binaryexcludes" value="" />
    <property name="libs.swing-layout.javadoc" value="C:\Program Files\NetBeans 8.2\platform\docs\swing-layout-1.0.4-doc.zip" />
    <property name="sun.java2d.dpiaware" value="true" />
    <property name="libs.hibernate4-persistence.maven-pom" value="" />
    <property name="https.nonProxyHosts" value="localhost|127.0.0.1|DESKTOP-GI9ANLP" />
    <property name="libs.PostgreSQLDriver.maven-pom" value="" />
    <property name="java.class.version" value="52.0" />
    <property name="libs.JAVADB_DRIVER_LABEL.classpath" value="C:\Program Files\Java\jdk1.8.0_111\db\lib\derby.jar;C:\Program Files\Java\jdk1.8.0_111\db\lib\derbyclient.jar;C:\Program Files\Java\jdk1.8.0_111\db\lib\derbynet.jar" />
    <property name="libs.hibernate4-persistencemodelgen.maven-pom" value="" />
    <property name="libs.eclipselink.javadoc" value="C:\Program Files\NetBeans 8.2\java\modules\ext\docs\javax.persistence-2.1.0-doc.zip" />
    <property name="user.properties.file" value="C:\Users\raul-\AppData\Roaming\NetBeans\8.2\build.properties" />
    <property name="runtime.encoding" value="UTF-8" />
    <property name="libs.javac-api.maven-pom" value="" />
    <property name="file.encoding.pkg" value="sun.io" />
    <property name="sun.cpu.endian" value="little" />
    <property name="libs.JAXB-ENDORSED.javadoc" value="" />
    <property name="libs.JWSAntTasks.classpath" value="C:\Program Files\NetBeans 8.2\java\ant\extra\org-netbeans-modules-javawebstart-anttasks.jar" />
    <property name="libs.spring-framework300.src" value="" />
    <property name="empty.dir" value="D:\Yo\Grado\2ยบ DAM\Desarrollo de Interfaces\Tema 8\JUnit-Sample\build\empty" />
    <property name="ant.file.type.JUnit-Sample-impl" value="file" />
    <property name="version-output" value="java version &quot;1.8" />
    <property name="test.binarytestincludes" value="" />
    <property name="libs.hibernate4-persistencemodelgen.src" value="" />
    <property name="javadoc.preview" value="true" />
    <property name="libs.jpa20-persistence.javadoc" value="C:\Program Files\NetBeans 8.2\java\modules\ext\docs\javax.persistence-2.1.0-doc.zip" />
    <property name="java.home" value="C:\Program Files\Java\jdk1.8.0_111\jre" />
    <property name="debug.test.classpath" value=":build/classes:C:\Program Files\NetBeans 8.2\platform\modules\ext\junit-4.12.jar:C:\Program Files\NetBeans 8.2\platform\modules\ext\hamcrest-core-1.3.jar:build/test/classes" />
    <property name="netbeans.importclass" value="org.netbeans.upgrade.AutoUpgrade" />
    <property name="ant.project.default-target" value="default" />
    <property name="annotation.processing.run.all.processors" value="true" />
    <property name="libs.PostgreSQLDriver.javadoc" value="" />
    <property name="libs.MySQLDriver.maven-pom" value="" />
    <property name="libs.hibernate4-persistence.javadoc" value="C:\Program Files\NetBeans 8.2\java\modules\ext\docs\javax.persistence-2.1.0-doc.zip" />
    <property name="http.nonProxyHosts" value="localhost|127.0.0.1|DESKTOP-GI9ANLP" />
    <property name="libs.junit_4.javadoc" value="C:\Program Files\NetBeans 8.2\platform\docs\junit-4.12-javadoc.jar" />
    <property name="run.classpath" value=":build/classes" />
    <property name="jna.boot.library.name" value="jnidispatch-422" />
    <property name="sun.awt.datatransfer.timeout" value="1000" />
    <property name="ant.file.JUnit-Sample-impl" value="D:\Yo\Grado\2ยบ DAM\Desarrollo de Interfaces\Tema 8\JUnit-Sample\nbproject\build-impl.xml" />
    <property name="libs.jpa2-persistence.maven-pom" value="" />
    <property name="annotation.processing.enabled.in.editor" value="false" />
    <property name="libs.hibernate4-support.classpath" value="C:\Program Files\NetBeans 8.2\java\modules\ext\hibernate4\antlr-2.7.7.jar;C:\Program Files\NetBeans 8.2\java\modules\ext\hibernate4\c3p0-0.9.2.1.jar;C:\Program Files\NetBeans 8.2\java\modules\ext\hibernate4\hibernate-c3p0-4.3.1.Final.jar;C:\Program Files\NetBeans 8.2\java\modules\ext\hibernate4\mchange-commons-java-0.2.3.4.jar;C:\Program Files\NetBeans 8.2\java\modules\ext\hibernate4\dom4j-1.6.1.jar;C:\Program Files\NetBeans 8.2\java\modules\ext\hibernate4\ehcache-core-2.4.3.jar;C:\Program Files\NetBeans 8.2\java\modules\ext\hibernate4\hibernate-ehcache-4.3.1.Final.jar;C:\Program Files\NetBeans 8.2\java\modules\ext\hibernate4\hibernate-core-4.3.1.Final.jar;C:\Program Files\NetBeans 8.2\java\modules\ext\hibernate4\jboss-logging-3.1.3.GA.jar;C:\Program Files\NetBeans 8.2\java\modules\ext\hibernate4\hibernate-commons-annotations-4.0.4.Final.jar;C:\Program Files\NetBeans 8.2\java\modules\ext\hibernate4\hibernate-entitymanager-4.3.1.Final.jar;C:\Program Files\NetBeans 8.2\java\modules\ext\hibernate4\javassist-3.18.1-GA.jar;C:\Program Files\NetBeans 8.2\java\modules\ext\hibernate4\jboss-transaction-api_1.2_spec-1.0.0.Final.jar;C:\Program Files\NetBeans 8.2\java\modules\ext\hibernate4\slf4j-api-1.6.1.jar;C:\Program Files\NetBeans 8.2\java\modules\ext\hibernate4\slf4j-simple-1.6.1.jar" />
    <property name="nb.native.filechooser" value="false" />
    <property name="sun.management.compiler" value="HotSpot 64-Bit Tiered Compilers" />
    <property name="javac.deprecation" value="false" />
    <property name="javadoc.use" value="true" />
    <property name="sun.java2d.noddraw" value="true" />
    <property name="javac.processorpath" value="" />
    <property name="libs.hamcrest.maven-pom" value="" />
    <property name="javac.compilerargs" value="" />
    <property name="svnkit.http.methods" value="Basic" />
    <property name="ant.file" value="D:\Yo\Grado\2ยบ DAM\Desarrollo de Interfaces\Tema 8\JUnit-Sample\build.xml" />
    <property name="libs.beans-binding.maven-pom" value="" />
    <property name="libs.hibernate4-support.javadoc" value="C:\Program Files\NetBeans 8.2\java\modules\ext\docs\javax.persistence-2.1.0-doc.zip" />
    <property name="ant.file.JUnit-Sample" value="D:\Yo\Grado\2ยบ DAM\Desarrollo de Interfaces\Tema 8\JUnit-Sample\build.xml" />
    <property name="libs.beans-binding.src" value="" />
    <property name="java.vm.specification.vendor" value="Oracle Corporation" />
    <property name="libs.swing-layout.src" value="C:\Program Files\NetBeans 8.2\platform\docs\swing-layout-1.0.4-src.zip" />
    <property name="org.openide.major.version" value="IDE/1" />
    <property name="java.vm.name" value="Java HotSpot(TM) 64-Bit Server VM" />
    <property name="netbeans.user" value="C:\Users\raul-\AppData\Roaming\NetBeans\8.2" />
    <property name="javadoc.additionalparam" value="" />
    <property name="java.io.tmpdir" value="C:\Users\raul-\AppData\Local\Temp\" />
    <property name="java.vendor.url" value="http://java.oracle.com/" />
    <property name="endorsed.classpath.cmd.line.arg" value="" />
    <property name="jna.loaded" value="true" />
    <property name="junit.available" value="true" />
    <property name="sun.boot.library.path" value="C:\Program Files\Java\jdk1.8.0_111\jre\bin" />
    <property name="have.sources" value="true" />
    <property name="libs.hamcrest.javadoc" value="" />
    <property name="debug.classpath" value=":build/classes" />
    <property name="javac.external.vm" value="true" />
    <property name="javadoc.private" value="false" />
    <property name="test.src.dir" value="test" />
    <property name="ap.processors.internal" value="" />
    <property name="meta.inf.dir" value="src/META-INF" />
    <property name="javadoc.encoding.used" value="UTF-8" />
    <property name="dist.jar" value="dist/JUnit-Sample.jar" />
    <property name="libs.spring-framework400.maven-pom" value="" />
    <property name="netbeans.automatic.build" value="true" />
    <property name="java.runtime.name" value="Java(TM) SE Runtime Environment" />
    <property name="ant.project.name" value="JUnit-Sample" />
    <property name="netbeans.hash.code" value="unique=NBJDK_EXTIDE_JAVA_JDK08bf7af28-6271-4688-8ee7-7cd010ab53d3_69853a12-de4f-4f6a-bcdb-962fa436ff41" />
    <property name="netbeans.default_userdir_root" value="C:\Users\raul-\AppData\Roaming\NetBeans" />
    <property name="sun.cpu.isalist" value="amd64" />
    <property name="libs.spring-framework400.javadoc" value="" />
    <property name="libs.CopyLibs.javadoc" value="" />
    <property name="org.openide.specification.version" value="6.2" />
    <property name="user.home" value="C:\Users\raul-" />
    <property name="annotation.processing.processors.list" value="" />
    <property name="debug-args-line" value="-Xdebug" />
    <property name="libs.JWSAntTasks.src" value="" />
    <property name="jar.index" value="false" />
    <property name="libs.CopyLibs.maven-pom" value="" />
    <property name="libs.spring-framework300.javadoc" value="" />
    <property name="libs.absolutelayout.javadoc" value="" />
    <property name="java.specification.name" value="Java Platform API Specification" />
    <property name="java.specification.vendor" value="Oracle Corporation" />
    <property name="libs.javac-api.classpath" value="C:\Program Files\NetBeans 8.2\java\modules\ext\nb-javac-api.jar" />
    <property name="java.version" value="1.8.0_111" />
    <property name="run.jvmargs.ide" value="" />
    <property name="javadoc.version" value="false" />
    <property name="libs.MySQLDriver.javadoc" value="" />
    <property name="org.openide.version" value="deprecated" />
    <property name="platform.java" value="C:\Program Files\Java\jdk1.8.0_111\jre/bin/java" />
    <property name="source.encoding" value="UTF-8" />
    <property name="ap.cmd.line.internal" value="" />
    <property name="libs.eclipselinkmodelgen.maven-pom" value="" />
    <property name="libs.eclipselinkmodelgen.javadoc" value="" />
    <property name="netbeans.home+have.tests" value="true" />
    <property name="annotation.processing.processor.options" value="" />
    <property name="libs.testng.maven-pom" value="" />
    <property name="libs.jaxb.src" value="" />
    <property name="jdk.launcher.addexports.5" value="java.management/sun.management=ALL-UNNAMED" />
    <property name="jdk.launcher.addexports.4" value="java.desktop/com.sun.java.swing.plaf.windows=ALL-UNNAMED" />
    <property name="jdk.launcher.addexports.3" value="java.desktop/sun.awt.im=ALL-UNNAMED" />
    <property name="work.dir" value="D:\Yo\Grado\2ยบ DAM\Desarrollo de Interfaces\Tema 8\JUnit-Sample" />
    <property name="jdk.launcher.addexports.2" value="java.desktop/java.awt.peer=ALL-UNNAMED" />
    <property name="libs.jaxb.classpath" value="C:\Program Files\NetBeans 8.2\ide\modules\ext\jaxb\jaxb-impl.jar;C:\Program Files\NetBeans 8.2\ide\modules\ext\jaxb\jaxb-xjc.jar;C:\Program Files\NetBeans 8.2\ide\modules\ext\jaxb\jaxb1-impl.jar;C:\Program Files\NetBeans 8.2\ide\modules\ext\jaxb\activation.jar;C:\Program Files\NetBeans 8.2\ide\modules\ext\jaxb\api\jaxb-api.jar;C:\Program Files\NetBeans 8.2\ide\modules\ext\jaxb\api\jsr173_1.0_api.jar" />
    <property name="jdk.launcher.addexports.1" value="java.base/jdk.internal.jrtfs=ALL-UNNAMED" />
    <property name="jdk.launcher.addexports.0" value="java.desktop/sun.awt=ALL-UNNAMED" />
    <property name="do.depend" value="false" />
    <property name="dist.javadoc.dir" value="dist/javadoc" />
    <property name="libs.swing-layout.classpath" value="C:\Program Files\NetBeans 8.2\platform\modules\ext\swing-layout-1.0.4.jar" />
    <property name="libs.JasperReports.maven-pom" value="" />
    <property name="build.generated.dir" value="build/generated" />
    <property name="javac.source" value="1.8" />
    <property name="line.separator" value="&#xd;&#xa;" />
    <property name="java.specification.version" value="1.8" />
    <property name="libs.jaxws21.maven-pom" value="" />
    <property name="java.vm.info" value="mixed mode" />
    <property name="nb.junit.batch" value="true" />
    <property name="junit.forkmode" value="perTest" />
    <property name="sun.boot.class.path" value="C:\Program Files\Java\jdk1.8.0_111\jre\lib\resources.jar;C:\Program Files\Java\jdk1.8.0_111\jre\lib\rt.jar;C:\Program Files\Java\jdk1.8.0_111\jre\lib\sunrsasign.jar;C:\Program Files\Java\jdk1.8.0_111\jre\lib\jsse.jar;C:\Program Files\Java\jdk1.8.0_111\jre\lib\jce.jar;C:\Program Files\Java\jdk1.8.0_111\jre\lib\charsets.jar;C:\Program Files\Java\jdk1.8.0_111\jre\lib\jfr.jar;C:\Program Files\Java\jdk1.8.0_111\jre\classes" />
    <property name="javac.target" value="1.8" />
    <property name="built-jar.properties" value="D:\Yo\Grado\2ยบ DAM\Desarrollo de Interfaces\Tema 8\JUnit-Sample\build\built-jar.properties" />
    <property name="build.test.classes.dir" value="build/test/classes" />
    <property name="src.dir" value="src" />
    <property name="annotation.processing.enabled" value="true" />
    <property name="libs.jpa2-persistence.src" value="" />
    <property name="sun.awt.keepWorkingSetOnMinimize" value="true" />
    <property name="libs.jpa20-persistence.src" value="" />
    <property name="libs.JAVADB_DRIVER_LABEL.maven-pom" value="" />
    <property name="ignore.failing.tests" value="true" />
    <property name="ant.file.type.JUnit-Sample" value="file" />
    <property name="dist.dir" value="dist" />
    <property name="libs.groovy-all.javadoc" value="" />
    <property name="testng.debug.mode" value="" />
    <property name="javac.fork" value="true" />
    <property name="libs.groovy-all.classpath" value="C:\Users\raul-\AppData\Roaming\NetBeans\8.2\modules\ext\groovy-all.jar" />
    <property name="java.awt.printerjob" value="sun.awt.windows.WPrinterJob" />
    <property name="default.javac.source" value="1.8" />
    <property name="debug-transport-by-os" value="dt_shmem" />
    <property name="libs.MySQLDriver.src" value="" />
    <property name="sun.jnu.encoding" value="Cp1252" />
    <property name="java.runtime.version" value="1.8.0_111-b14" />
    <property name="build.test.results.dir" value="build/test/results" />
    <property name="default.javac.target" value="1.8" />
    <property name="libs.junit_4.classpath" value="C:\Program Files\NetBeans 8.2\platform\modules\ext\junit-4.12.jar" />
    <property name="user.timezone" value="" />
    <property name="nb.junit.single" value="false" />
    <property name="libs.JAVADB_DRIVER_LABEL.javadoc" value="" />
    <property name="netbeans.dirs" value="C:\Program Files\NetBeans 8.2\nb;C:\Program Files\NetBeans 8.2\ergonomics;C:\Program Files\NetBeans 8.2\ide;C:\Program Files\NetBeans 8.2\extide;C:\Program Files\NetBeans 8.2\java;C:\Program Files\NetBeans 8.2\apisupport;C:\Program Files\NetBeans 8.2\webcommon;C:\Program Files\NetBeans 8.2\websvccommon;C:\Program Files\NetBeans 8.2\enterprise;C:\Program Files\NetBeans 8.2\mobility;C:\Program Files\NetBeans 8.2\profiler;C:\Program Files\NetBeans 8.2\python;C:\Program Files\NetBeans 8.2\php;C:\Program Files\NetBeans 8.2\identity;C:\Program Files\NetBeans 8.2\harness;C:\Program Files\NetBeans 8.2\cnd;C:\Program Files\NetBeans 8.2\cndext;C:\Program Files\NetBeans 8.2\dlight;C:\Program Files\NetBeans 8.2\groovy;C:\Program Files\NetBeans 8.2\extra;C:\Program Files\NetBeans 8.2\javacard;C:\Program Files\NetBeans 8.2\javafx" />
    <property name="java.ext.dirs" value="C:\Program Files\Java\jdk1.8.0_111\jre\lib\ext;C:\WINDOWS\Sun\Java\lib\ext" />
    <property name="libs.absolutelayout.classpath" value="C:\Program Files\NetBeans 8.2\java\modules\ext\AbsoluteLayout.jar" />
    <property name="excludes" value="" />
    <property name="libs.jpa2-persistence.javadoc" value="C:\Program Files\NetBeans 8.2\java\modules\ext\docs\javax.persistence-2.1.0-doc.zip" />
    <property name="java.class.path" value="D:\Yo\Grado\2ยบ DAM\Desarrollo de Interfaces\Tema 8\JUnit-Sample\build\classes;C:\Program Files\NetBeans 8.2\platform\modules\ext\junit-4.12.jar;C:\Program Files\NetBeans 8.2\platform\modules\ext\hamcrest-core-1.3.jar;D:\Yo\Grado\2ยบ DAM\Desarrollo de Interfaces\Tema 8\JUnit-Sample\build\test\classes;C:\Program Files\NetBeans 8.2\extide\ant\lib\ant-launcher.jar;C:\Program Files\NetBeans 8.2\extide\ant\lib\ant.jar;C:\Program Files\NetBeans 8.2\extide\ant\lib\ant-junit.jar;C:\Program Files\NetBeans 8.2\extide\ant\lib\ant-junit4.jar" />
    <property name="apple.laf.useScreenMenuBar" value="true" />
    <property name="libs.absolutelayout.src" value="" />
    <property name="libs.jpa20-persistence.classpath" value="C:\Program Files\NetBeans 8.2\java\modules\ext\eclipselink\javax.persistence_2.1.0.v201304241213.jar" />
    <property name="os.version" value="10.0" />
    <property name="application.args" value="" />
    <property name="sun.awt.enableExtraMouseButtons" value="true" />
    <property name="sun.desktop" value="windows" />
    <property name="libs.hibernate4-persistence.src" value="" />
    <property name="libs.hibernate4-support.maven-pom" value="" />
    <property name="nb.internal.action.name" value="test" />
    <property name="libs.JAXB-ENDORSED.classpath" value="C:\Program Files\NetBeans 8.2\ide\modules\ext\jaxb\api\jaxb-api.jar" />
    <property name="libs.eclipselink.classpath" value="C:\Program Files\NetBeans 8.2\java\modules\ext\eclipselink\eclipselink.jar;C:\Program Files\NetBeans 8.2\java\modules\ext\eclipselink\javax.persistence_2.1.0.v201304241213.jar;C:\Program Files\NetBeans 8.2\java\modules\ext\eclipselink\org.eclipse.persistence.jpa.jpql_2.5.2.v20140319-9ad6abd.jar" />
    <property name="libs.beans-binding.javadoc" value="C:\Program Files\NetBeans 8.2\java\docs\beansbinding-1.2.1-doc.zip" />
    <property name="java.awt.graphicsenv" value="sun.awt.Win32GraphicsEnvironment" />
    <property name="java.vm.vendor" value="Oracle Corporation" />
    <property name="libs.CopyLibs.classpath" value="C:\Program Files\NetBeans 8.2\java\ant\extra\org-netbeans-modules-java-j2seproject-copylibstask.jar" />
    <property name="libs.spring-framework300.classpath" value="C:\Program Files\NetBeans 8.2\ide\modules\org-apache-commons-logging.jar;C:\Program Files\NetBeans 8.2\java\modules\ext\cglib-2.2.jar;C:\Program Files\NetBeans 8.2\java\modules\ext\spring-3.0\spring-aop-3.2.7.RELEASE.jar;C:\Program Files\NetBeans 8.2\java\modules\ext\spring-3.0\spring-aspects-3.2.7.RELEASE.jar;C:\Program Files\NetBeans 8.2\java\modules\ext\spring-3.0\spring-beans-3.2.7.RELEASE.jar;C:\Program Files\NetBeans 8.2\java\modules\ext\spring-3.0\spring-build-src-3.2.7.RELEASE.jar;C:\Program Files\NetBeans 8.2\java\modules\ext\spring-3.0\spring-context-3.2.7.RELEASE.jar;C:\Program Files\NetBeans 8.2\java\modules\ext\spring-3.0\spring-context-support-3.2.7.RELEASE.jar;C:\Program Files\NetBeans 8.2\java\modules\ext\spring-3.0\spring-core-3.2.7.RELEASE.jar;C:\Program Files\NetBeans 8.2\java\modules\ext\spring-3.0\spring-expression-3.2.7.RELEASE.jar;C:\Program Files\NetBeans 8.2\java\modules\ext\spring-3.0\spring-framework-bom-3.2.7.RELEASE.jar;C:\Program Files\NetBeans 8.2\java\modules\ext\spring-3.0\spring-instrument-3.2.7.RELEASE.jar;C:\Program Files\NetBeans 8.2\java\modules\ext\spring-3.0\spring-instrument-tomcat-3.2.7.RELEASE.jar;C:\Program Files\NetBeans 8.2\java\modules\ext\spring-3.0\spring-jdbc-3.2.7.RELEASE.jar;C:\Program Files\NetBeans 8.2\java\modules\ext\spring-3.0\spring-jms-3.2.7.RELEASE.jar;C:\Program Files\NetBeans 8.2\java\modules\ext\spring-3.0\spring-orm-3.2.7.RELEASE.jar;C:\Program Files\NetBeans 8.2\java\modules\ext\spring-3.0\spring-oxm-3.2.7.RELEASE.jar;C:\Program Files\NetBeans 8.2\java\modules\ext\spring-3.0\spring-struts-3.2.7.RELEASE.jar;C:\Program Files\NetBeans 8.2\java\modules\ext\spring-3.0\spring-test-3.2.7.RELEASE.jar;C:\Program Files\NetBeans 8.2\java\modules\ext\spring-3.0\spring-tx-3.2.7.RELEASE.jar;C:\Program Files\NetBeans 8.2\java\modules\ext\spring-3.0\spring-web-3.2.7.RELEASE.jar;C:\Program Files\NetBeans 8.2\java\modules\ext\spring-3.0\spring-webmvc-3.2.7.RELEASE.jar;C:\Program Files\NetBeans 8.2\java\modules\ext\spring-3.0\spring-webmvc-portlet-3.2.7.RELEASE.jar" />
    <property name="libs.hamcrest.src" value="" />
    <property name="run.jvmargs" value="" />
    <property name="libs.hibernate4-persistence.classpath" value="C:\Program Files\NetBeans 8.2\java\modules\ext\hibernate4\antlr-2.7.7.jar;C:\Program Files\NetBeans 8.2\java\modules\ext\hibernate4\c3p0-0.9.2.1.jar;C:\Program Files\NetBeans 8.2\java\modules\ext\hibernate4\hibernate-c3p0-4.3.1.Final.jar;C:\Program Files\NetBeans 8.2\java\modules\ext\hibernate4\mchange-commons-java-0.2.3.4.jar;C:\Program Files\NetBeans 8.2\java\modules\ext\hibernate4\dom4j-1.6.1.jar;C:\Program Files\NetBeans 8.2\java\modules\ext\hibernate4\ehcache-core-2.4.3.jar;C:\Program Files\NetBeans 8.2\java\modules\ext\hibernate4\hibernate-ehcache-4.3.1.Final.jar;C:\Program Files\NetBeans 8.2\java\modules\ext\hibernate4\hibernate-core-4.3.1.Final.jar;C:\Program Files\NetBeans 8.2\java\modules\ext\hibernate4\jboss-logging-3.1.3.GA.jar;C:\Program Files\NetBeans 8.2\java\modules\ext\hibernate4\hibernate-commons-annotations-4.0.4.Final.jar;C:\Program Files\NetBeans 8.2\java\modules\ext\hibernate4\hibernate-entitymanager-4.3.1.Final.jar;C:\Program Files\NetBeans 8.2\java\modules\ext\hibernate4\javassist-3.18.1-GA.jar;C:\Program Files\NetBeans 8.2\java\modules\ext\hibernate4\jboss-transaction-api_1.2_spec-1.0.0.Final.jar;C:\Program Files\NetBeans 8.2\java\modules\ext\hibernate4\slf4j-api-1.6.1.jar;C:\Program Files\NetBeans 8.2\java\modules\ext\hibernate4\slf4j-simple-1.6.1.jar;C:\Program Files\NetBeans 8.2\java\modules\ext\hibernate4\hibernate-jpa-2.1-api-1.0.0.Final.jar" />
    <property name="libs.JAXB-ENDORSED.src" value="" />
    <property name="dist.archive.excludes" value="" />
    <property name="libs.testng.javadoc" value="C:\Program Files\NetBeans 8.2\platform\docs\testng-6.8.1-javadoc.zip" />
    <property name="user.script" value="" />
    <property name="libs.PostgreSQLDriver.classpath" value="C:\Program Files\NetBeans 8.2\ide\modules\ext\postgresql-9.4.1209.jar" />
    <property name="libs.hibernate4-persistencemodelgen.classpath" value="C:\Program Files\NetBeans 8.2\java\modules\ext\hibernate4\hibernate-jpamodelgen-4.3.1.Final.jar" />
    <property name="annotation.processing.source.output" value="build/generated-sources/ap-source-output" />
    <property name="libs.CopyLibs.src" value="" />
    <property name="build.dir" value="build" />
    <property name="ant.version" value="Apache Ant(TM) version 1.9.7 compiled on April 9 2016" />
    <property name="build.classes.excludes" value="**/*.java,**/*.form" />
    <property name="file.encoding" value="Cp1252" />
    <property name="jdkBug6558476" value="false" />
    <property name="javadoc.nonavbar" value="false" />
    <property name="platform.active" value="default_platform" />
    <property name="awt.toolkit" value="sun.awt.windows.WToolkit" />
  </properties>
  <testcase classname="sample.UtilsTest" name="helloWorldCheck" time="0.003" />
  <testcase classname="sample.UtilsTest" name="testWithTimeout" time="0.471" />
  <testcase classname="sample.UtilsTest" name="temporarilyDisabledTest" time="0.0">
    <skipped />
  </testcase>
  <testcase classname="sample.UtilsTest" name="checkExpectedException" time="0.0" />
  <system-out><![CDATA[* UtilsTest: @BeforeClass method
* UtilsTest: @Before method
* UtilsTest: test method 1 - helloWorldCheck()
* UtilsTest: @After method
* UtilsTest: @Before method
* UtilsTest: test method 2 - testWithTimeout()
computing 16162!
16162! = 136071970927028178396466769690947568462745508592966503152912554342231253507596516127118881335253603798074632865002485779061124877796601226427688823810635984349425960079113948067196171595489906407096580465403919921801449022160830111069959626589680608209845308279886292239334202549297651964908274809405329069004613734124602118270517923945245970061429911272505871504641031019587549103117705516624377821452100743594955669997894766191156237619473822574158385718472383463401645207108149346710858621789213458106533081476353206395566261494322544060240207141198736053782168210746655074105475984509515536869755563789822887265339507042007192847664345521919847173514333917944254332271336687319045420645036805143122636297574277523436090403570423888028370152939505076779224694071717591798381357936923866178707384185481791307633276762762511019891684752640586463246104797866236424500489898499692761125158869412204170404006891966380388761541802101114573551652286113153587663074767095441151761434847486861546661215905122020619841021488959132745237123951997247140795167724742455764335798884798707321352271409941560271291855191251740491173512963687202658453992380180813313566598327970823520575116209117130128489602438242053966593142406106114361441085375533431707944973864560378178967426367896317834081239732884231513967650633349352562757795117101312331976812418290752962342971318567261605448887226728253725237169900816925052619192640050316273545932654188464584073121275873585435547343298654143487623394169402083605898550742589343644569919917272471960070206658463339821102567408801015736977658065488373104639971032108665334946825558479361508639828599428932027680335769997253627096330553602691107489634486996201240993353461512258455066011326337326267015612182301398631971682785826995452929599948841224897574471762758645347798636392090998390751761502643570033705168156418232225368585763224832789260650953463901860010334069620477279092287064108045395063944842717786999869484827092648286228616497014960219601429746775863168176509494893712902877974124306864008402239375702113855566976342954955188469885719092476197087845202764759870378868234140449471619786173636179157200557075713065825158948805963075833659516999000678060187900210450326043733475687096012425792407129187883414041037421212336956073187809161336286424729230518209652251946730000553541220759245566609893757896653331313650905547433425794922571305111075510539225557656441680983500617465837955740135359050971107811504175589027812645300892571447634082465259944390524375945223231228972501352082423479701852936842113466015430041883558394774203800371994626224683969767260767310312738895399062277350240137599406619489297355319195758056359859898166071116200933830251592686031769729081305447769485910468687987356257215208114302344782079930024144604356623507150069063736631587750083017141380551983812219865755162559181751986601724063369892328944093828566414766210398660066099234419558848571618713271052437853397225902435102920108343683725817914266511244857505610292438917369519638245072868151822317764771800096057406315956931357769921353131288797322787395265598270355768827376800157286225943987932889183172784912882874250701289138634768020821204517921506943305068995756052892024622711572688166847562653373348536699524546812602110005382633145342798824551503028013678262658865131367163723854189830478981222699824574450176332643324266034932608788790326367884487070674196836863460827955811659009572139025053907175127356159974645116579819301345472111443444431273007518466726127190115311680520555891289286151812043526681732010235072421959014849639243103541341415487882173770984249810289424272845262629764771693388933636451679348702860524782865424399717891471865159851280839114056894115774291191034591796841752699203663409608214932103932995382279620781696348669095739223636541735154682467657739701206889316689246834533353608366000538044642394123322833201409464063722017871473566870984204385462610895624214940995712149210652138880524023191084657511129858538080898325616274747976183194589124770140433973515536836128409166871729106824285450511572931873422338529529051376596864409136316287043038643984719921469244032895668129917827887751469073104485797516084756183239109926625735068340660308414821401007952974056740925723472803911211105623485919135090748946323862135503615715313509746675052611197523173888748872590439680910091079452572959141974071085944102078386983979263657857751688104940655109606220391902485151633947736029645941874368202184065735710326455541764135609942965332775419809741499563904742501428141464929511462522877706928236303323804741407395353480202431763374913694016316363950463168483808985899837952222805903010749480649265265668885124380756906636816422725809293263616452983336443262712259403895398436040328425130561070654066831600729322445885918166070079306792755667855241390932960748587432058344900709043655121017216443148670422234622566279414562389010172853139561493644274653526454610197004272843072328091571386751672697864561844001724104385131545594126033372710140543252552025589821639329316943428599598696194250216869227545922630972119743212995772636402774808784128247804566478196619302425756863769625727374928674668543403488908432189832292219491375250049268315065938832159635400132340622662374989778702214758099640051957941568953032070316761839450888075589128253749912295367336719406742055743642525955556363495671977039656625259893387031557623783967410799204538621305744063428776938759318675894345585344480083810009728082126098226641521962232726578892635100717335912256140511387984911667744359606221007102731112816722346294030840929832011174372917582209837701459122445556672288173620645823973474143376591006985286189086213286463582852299082951041519922926914234362749810678552292485048034015265043635340270243230611868286957143817267512039342687585213684562790166908679267102557980929033695327450606308440316711192792913427464542805919569387643500329030881821934396933178370532543040403156503501100973041513457054804289781192766895674031899609197324283431189864925575840016558145446097296240881994685186775129633055930412438735142741979867419524525617166262425459773063474353993750790783199221855580333769614323279701838205505673546453569935968383954165265306590325986624410222701427805653846176412243560147721699830525398392591656937240299649762674817756676477104861343462854548201436470146201253889225139105534938457413065265838796715388519423605188807937365886980743272651105104786363145379482839514030909962669246195761063968093340460612228419159218652991961131328988282085657335528008830501203619464576461068966128740818746097045960328947123369816997668052023568893832683160029207602577334969715939345173663504180288797988294410225499733633588212541120321365268286479923332368637464579724855144828752980439991095375613426581977162289210692332563293768362690158400193428828510290858121881913780696280312452907610354870859700021317318404220380771951630498124808265124480501136657173897057429299252982444372996921870465110807316086561382329302981770195483220800601031696359372402235161303053970781001400605208023511049389994229913718863956320144917713616430207841985276519519817850762449464704784746467441136360147684257014045763585537305468957623704899424487486920991421932927289692864917764853388396832731125433940047439262922905051031432159928629022225318025138581275392166038954472106963802031378353050257629884211500148942742672937189084102093694210454737982456100133094449586509154544633618255326015511395486123936272446575629966849721112754605347094034511482119977098099070759316565352620529147467105501759152098477883292863355446637807954584309230250076782321970369474639476920515530404937964681658204081095513527172631663576165775446196675206476316587164961392821363511474661680925861602426481163605608091804987384773467016183752665755522686627420690726172122474503210749272391635736955175530616028689972045145027263374023282211540091754074984123235100080182948900574560824536755799638933452792566383834210630776720774191833646182592083052753175859237849475479405954401052461048463267077985169849630513475772854577354416225586281819240019444651919322591561503285441837069140438000539846095142940369771656884213447485493516142571851358099238310784237180237927893024816154028095032182088541968511514601427059265185992569552885847780855829454101304968276725721017837311089885038029683756453547970454981898621365935250682681135288890121362020591736944355718663752870272252708594094990818686133830477893803342892246837150504043647699944940635124667904531722892953311732882215655614966398999122257757853004936413369736937710745493940543132472342670912880745050221502920398526727441493566594586770530795753708753126927757966899676220197316052195797120228121553975996566699457352042795936643774765420071173934995476452526574124581950628271023273881370299049646364988177450425568893848521187031464536576624369611553924507501583683128013672529653138967013576868540247979279733793871502015836265643934599398565528721803784795018252635526346744944562221613494890092880433601671837157962158174879077956400163536396687279099327248555283029021227919945445744931866529205896233095772633043562711307691861128081898496622321551260407085037970301073071899837559769582164851194991758477586748570680548155153669987762995285653877177302585704891354701154711247340644322162256644114247936881422981131184638756724545062501597106065878057127157897984133459878116774817319600585903093311831151082292794295708803661157879347432074347832734949587837035004484364196111452446752405135437058935125041121681082700210843706476968456562989727500303495493390166129182636281170220586167539026553822890796737914918307307937347562802301945856691523811579957573667542264726136856739767716863681910866530421403043715319260104246086230368141174114043456090329031188739841069883352482492879721917463194234847114820148968524645406389622522802442181793173839036157526923449293647776948095339054542686274841648467747737236861665367271319835871452152454078389766484177361512511491175477373752405884982446878446206704791573537086936695293539363305265294808938412298061554224909795715186742715142847388598997257967856992901337271684527327121032625575598854836759589625324195994582506689341422483754616373401572065829335169854099334137697036921613557960031730525376837670477456652337695300725249257041751854171549219469204089215498071459516709386470844245061155452597749153754326359653384313261841292777718985374432793309887199038956983202180513417025931961441542915092402529843733585889227029582999806400439000244492702524176348048879886380855375972030531096105729418936645517068749013524627648941733901446717705444328223934803150471055760181362258992579477503015070465942025932857538322545509791816580515413411277995143501816008546798994775220939858511578067901661124875813970459709404498908168188232569651984725089467396116956331341890982532527218187016054225080979730301256113774356862258608441403640937503246410786676984966116718924749328403352921046910264625718066831571204025146251237542977646391277718652751040986885779169070241420455607282786859857092667115370893221739442701760063777399341680153021791629048669171693194433838564553557554282617652403613726062092855086092308887391726297192383227141073276765160432793276954373983778699569757480034436849038516840479075062712149828135110004656916679353978220947075617173419567658800143769811239727965343569401533008076373377542229432807393311696731999528146189982463999145192517178845918190019852827016647795280024467984414257392500543838570184310744065784497476006398319369046022751041009173458175784470349177336102008080636166983751231227983811877391040042709144585376724306731883991095643858686243041851290481992227503089841848407125620180067856490265141136065961591740845425288939547557858391983328564624075825248528337102306404688755366262133256825075568445610301008370859985535405319046216991871972434459921837114243153910421157632621854719441378858448034583292464886003031014753903525171669044108520889845877663156509743230578219650191208210804911865545013757202852982748650693542781373837107872199256306882675088555265129921410865274889444702165886352592227133733242092895730691572680150507709186755342898079863082490619143040723141666206675176662011028583485659750472064210807275908722553925567784890742585300041705839313093728217636924378928482043922020386758301585019912659729819073655713218467182793567416728902511434004783494633295205464679753085541138057010200941078792905031849676489176019205978023622857546667846191461190689746545582292893890207789454688600933414782398564260493736165269024989138298412894838875067676627369501224447853966501965887231261175502041311840433774421025261598693026257385623197736556577235500293723298516961799256990202847592614811853763913267450281125065566230842401353344623198838709575768458890063854296066148753090576570595358280482958242355659903910434824844351629451893058273480436118942787907845827784027383342523241992023186350599230394971827579716664960634337136106075005246812517117992808838570752457940418131712288690539831608997161789316317898250149734530922876336381191596314880216463316527254090959804121750110616161478388418885010795080065306166101102439526963426311030819096279539589856560987410589660280622743243352832829877042139177528734258041535530253258798124284006993498907497885622082601675686115049411959608689437878863079630427109650679389369574430126248654268397697679901938649760409578540093604288277177191197873483381051600430082393228671848531798128534915176206586776576434803302745040127552189594018254866599755447551476757714180352554084576027676019291045211175800068853743093285214617139605146168668199080793969609213487467806495947249875939681574380163946672963678095592832913158915524234220642888134596527517087160019728134766322563398296763676614189356298925357296015369241170050380122681568758907018642047165076004247831075669546747440941469424928502945968010667185458016238022790972593324794187131235664197411587469844937093147238999604735909371151191161600780408316346686767428222023514627888310202961799736607707800031146393863302567016604955055971878817109896650700444569151354023421712834408846755771859530104007173626224566923758193228646033539672828708411434534280244209898090480753010232038680570540547009425707862394680421007168332239644816715320623346435022184358977907014333685907597704517186921622631583480432930189018977963292849301915105644791555699975726558954894624517263787400149371733162895382418169739668745428356587438362221053991522476548614975529702927324545338382213795160374850117718882098541287341099611508479559780212916380119195756518260895427243034341023466203772354084138979377600105262970473230434080043755016276963144844740436805064355355153033346925401408254317967435021538382061839137988300627972455657468061693978601201497955392064840927094197327167050708386365485977982823929283535736021769024498916115339315435767021131099389385513099656679001682372410188808253430180392710444051215985700161868857234490593829861445256672911408652479686179251411010174390140849883953444909206116642671673628654733732571824942200917112368152096505013623448886285515341195280704972470308984348494822958709125842895759208540021516555378432180477261012376797144745524521093914190703817128786074439351501062332591640037315751767684486862715226542628281343591270719600285266444506955907952625206754832332010640208904092099895299060307865775778525360773385003227459348270123112456415351943854818632377856964631253460953525806708534262766384294573338613730198237934814963546860536671559266205316363671547881727392975266218196852258046558049229367875547480447385996197445007263023231444958762999114011402029117163759329917822865345853381562066431317976894894134937998884940075697386253529691748472816090603825192456967034525930924818515073977328143130403007459197612962793267940749658770346323497017342618945071305471204113253686133528435691054382405791482270313618347097430139504284505450325922172327730400906939760834885438678428003898814732638946946642124304494650716125752177416428265818331047200279118445910319605857880959312204110756969425004852673509793507370913098259656512601786693209760543365133354846084980719588334090455707251295921577080444567466481487187859609603548118669857593385097343877556491407701030021040004782225888300408884540491664402904571364521162337329851390803089342022698025026057929090259604045298393092240600939566441469785864034500679297549387306407993518826468228262297329751889675494760203940598648447713894501650214636294583338173912836877317713995222864887229401082221702348869677041776670025430980494457068274130389076128196425782097063256552013036045485657544186554525006886330023519742729103221411306889749605044974105791341163191464243816299637854679391889652912650698457962317691444558114195066908504946999543841987593324649406565938645741251750088651775144140794525554844463029669198552730182598834232203700361510526893061384740523834496868051487272211618883858101626765694157793519587854165809404886240297090289619415584661902373819941139591708239359058840779443849341374437610736597407554454508408418780630702080799907012710638348572524722392857096630487475591196094168361023164159070693870084495088739638418996868746488277790048284840779123525561799518452837052966462496186649443062209282726077324156527483039863576909959081058994749858400967984987658953489683289084696711963949731358247357639184373912143102924503133617978232746402191379472216525484566355316409853171474853506881524230601878879419113274497169078803815542287278848182419124920026238730105422592132833695077245131392610849713978616201117223452766542792115590643407633558668703021150761788310769696739552947723789649940866025745217979854713070288426971745359489664073850343181284817059316059675479812125867809823064272886694275989971054732270297976004415201299857017166225101862034855941928606603225183933429255461518375838042793402620506358368577002461585672819241211002168959587731679341032006175797093602698611423599887642766378760174268474953419788215093898803861979394990674429886281326410982268291485878267916891813713837899238907455565358142330798125940837835162474552531969187959209484441276583594681094947849807916957539897350041787205962300302883945068165892680793705672261217266461395124116822426589854631588232061409111194696606460120286923604791076676385589069443002701668899342836469600484797847364873207906585448722250209083918366723424177787737143609175423217716433063682791641050222643907120329258674185005403935842320172181137765185661315131040568693287031099395925272842293217635458081731962562817868535268009176748133460300360713651324827610261711872476131746078631008946920932409639325115627715470187350839681640865384314511240350846387448262673286316469103990166533567230415858876788301296219517228352563171637431362227137501796260480955143264919807193264896911148452476995640762376211255059426468494406133698035499567131481969031322663420202687112660651460738750920004266080865557223745673173438295806499383671007141700633995705901224087949271791495491030263330696050405849855254779755705417029855125289361619064268667526435785956079305267352893953166995709931185610850927806568123761928653980633697237297842849974457695213330101960244797795747769201884395048979618750656527191827526884869733927482882604379512717749255822719085698430893728159398479244688652695843937132452350154391637607475727968734259451915493303359997853527500121725885124720489610653400865932376326569364805755884372081692833265916345909956605532040237826943362066898411751643387806847021724891734088020044410336952112699034129515933504059933642971714747835474226059262647054860517243682380155788911614770836852867602967867579115026221124215605174767601854851752821839648221097179012164612065865945964074032043844041672201407719060588233435536258009843556988842850308999145444563396859458879494775954427468328911793841371143686500665335316996856862745188750118045458879931235889611613151661656790615187206233052442341335753016269054259252142711092058350492999528919694952762847408371056953583280746746914171541055739737999456358628267068327790895863912574933856636902109118683546125974670376730657073243294078278102310848809819815840400943599293492796945097856465347187182572636079748419065673023718706847164125965735444954396642896282876580761896391729550923902245138539923871444811840069127901541793351024549337879520462836283399301668130799762232432644612551133365824648128527569966637309875311972584640946543541720861747446047048974825363280265545790862666094203152838429073457039533204661419422273394275986431272942175350523728902577097801608706101489665521800202614576747612811026451177028796286739915956928426239559588104711819462582396544210426058585004760523622600779500943035864855195262426669837450674125962004861304616925396400056988351180977374475179782905002399548319200799830627665553103241483818236776060471215910196047588855566212046994213900763660509796573474905573391078444619391889129881181122459028373553513406028750933355443041879030347709373863002664984578822954414016077033413258267366505227109441884734551182291948781160459503011637214187354245006066835954287491184605320855256132964553617024601187761217179987214814157514712414737607631488830476781529206138962881984660727646174653558327550123381779682692570171024043326706092954810743077093970559106729438484519618728609616829470829701709206774524363567420868790704743718132353288427385225644461451277479234116111626539796607546800812597782193622748495423647744041879021578963246125793975540741726191714283295789359014347282847944241477681857382959759888026737986312097226856131398078426230677080642601639922874594457585564302382477095112734707917792812073928287462593023653753292083698690929692959924513136923280660305966379407230757876792109630398540054054558856920917997898059803778644774714304882608632725553405917344659924209455945754543316538983651836637006598122696134064675818083997147113547424595634347657127911531696911937216779420054877169120438167232286035186449983435256191411812189643726683016731363136867577538932753894319842782363426067145522341924129415465785897903769104213589177072083483562313584618775156364968042733033599558130248498789620910317854348805977680175795943221578942923681271775356841473244649287428870328127878886022035614056424343186080264486455087180214706858844480441444629427942175415319055204135927467809473239914149468428076453729548243853507755139207047304695617772301931318612714416862623631973216582170852540823294758188043791954931789402447302563823995284833205196069357215183175447090902775047158776980250621713391491808097695524508274569710269003512462516594555853854132461942314748408287802012442487379843167643877135369194489859598214466409189450370625540382509871552675139133474689188060300298239585369452706474463297678967821638528126626166025004795630270885929592725967970156906163363987928234386313853738251014187665034259741542907743963969278874755800349009444364187496862055841327169754677863728213666263473476803344198161548811089583520984930528290968514098925360495751588430672803446321328715016088931225248668555868255750325879250053045061411414498661875280812689525352167239130289586354679515474711521898452768522652726679632542197313743299004443890045491908260398353257018364481401135207251525959453268005933707059133671399714823433726900184280775324840894765392893220112930887735329879126789881702823979365583682889665031536573487124969607550148353399679607844403704223259805112642119278998785758631015997617819801743456222976591497415689022554681991948358734554446709221477374261936506712732640385614300694944318769283532236232115863005997650029426578136104455318491598244643325175382443053650910085396829340495052582340396421265982945725945505116170797662689652589607801144594071675282825228505605297011655357758908437412679277652497181883931496502389319151501850404819977565870029843917889212114453812832178076660728583089305988441949386077008280648882520620803981111197107962876270732178807396354083409433993423115841470519330675846193970213366324054473899996011522906375567188129132575198189072323093686432162831185170824897163387565783232323626632155101444648106468442903203366846972816470142743636320793988373769586365649586963668325123576866984308687135764591750364311302916183318171804044664149497381245501017069901117265119924421058282683045301574221284644972004610274052987178148949125351621353124562614425980872406333892509770226825489838747928571243666029190656151745277300990549304387861374926526373193849054479369980317617037848670406648173450313257341273181932025149535567209447683616247320339560373716565232023534411249941234047218826338909394605649213959226301730810797632554476563354695477582762582487602230554459238340588136875563884415407860532882940842665101407352879799662675373136861246339440667999503380794670227509845509872477236965342798966407282388760541929652442059582342383384562939947013375129242731026422552369223784516429494092219134236290713606298801022958906926143708148281943347271930973753971140576001419727808789582514583915607950369165295360499814562336064515660596495067412975508581815621264201056515035181851250925924962792930277498218563699054187691622596764386754793865428591740439307676796231672174719294150751763401630017881386850513866544937481731797013608542382054630182995183262044898206539358663595809512075852836624951974655504790444474449481381172175923070388701364650826992120412383953254755620023967081558974761819533919946928989557745801479486714842616972705293511144325307312313779519596844864334550643240582091933422387863373077893812930104916669995312346145762774483768744778494474742002427076733072750324788526069194713225250192850798709553927288680932404576531935700011595747118113764009193902473286241379987154112930918536756340188538991410207753191303750471913452747954436346697163578562443696738953356993405022841312523318096925948186457526580548909707591087555676918543917852134180948131746393850019658498638884464630454507348428670204986096116382268559610887833340784901090980547959318197027925343510160364791043198364765546569069010688580992351613299801756564034771469884062231485837226185123893820656727394833426412796321029115483542897625083828468630754190247918470663048023318414030027046783994118202545613918168714913611362306154200978919297300584079580012277339639048533333096649960740494410952842545984623141073535784067123140314555588012841608658330442341518136201439538740775459177947669783013044391046450195214144016340673824067177579945459482522550025413992543443458439805262963398579891846887508295611884554874853884136973236021241197962509205116802798683431338671032985001661068071380322300067519395911974275017710658271143129281777764789196106456357116388205367114404926027044519093189199628951531763418327653231966430647503821690777174014198681834969626826111856305246924521821437041039586066006151990696948748854358826657286849344148346449432502166091506321138953909332482888904371617035165511527859279033282320413911565269257306492967436338259742357918500159759468163952085548550582313037335289302943444468220720300950274145192399237101390372592592223290748617846400563549643469529401990293991483342502913507917990672977784976575891611702974587118957128675502219533304042225960515067590626378124591554155998659631499738452890489800255466781827421776879910763883793583747338062117609684663697039902942378806907124998975087582620012833006453638089852388289472393409034986860143510228227282863544039522661523043807974055844994788915405902047107583411506593791081438097532933846453331842182179367502149282180097654778090676837228994151374583197598952989614798257920761392307035108574144047045593304496574827493982250879567206389014804627745592627425669463035734242578792088649968967074580547448513644309620900471419446479903304611059517596015258984016047228335491340730462666467664591413328485442334299258453488985987347301629345719488270932700105089641840607688794221920976603938146186323420653625890760125873021781597042718557923775083288020178674305234593830514491849212239567465530065432014474735110083910066554606081914465914499365691678803760670013466836278426356215337671677340982842790830567448560574846754525024918116640173343773534726138427526627670197900932898842485381931586951006656422413672439901555436593936311330921840750423980747173203945751892182853277875050077974970283307830157203943098344440731591304863111444250339705071964923912425957200420976454388795031616527357581610132223254121824866272070187965695486776141876360783739227296057347713430149012147118592816126182492452957741815634740256362565691241966283859034566421740183248731364313151957119203987277666111458165177618779268788722459574046486614459044223645210353730290953095810505315352718543029491143479425262611380904970034330668051578440485204628289263310080248412500463638258022308050866438496058156183745964483718419097137383104271525632669656447493518056303147378038819858617612265313211833212439161436128521385286177698186938283427211273635629328479452049634698709437682138184917661362954619818146904478362817226322318246567621361474332871480824398054709628590907103246302469792979899865566888108694144515007122901125506291523279871243165997838512702225167695461564203328489610213951912117611355740371548104393854780500333586758970921945984027292906979426632047528893174000488854125805075396219240994295754151810183189412357150368502828778385398166647754608230894940529252948948207224572410544131993037000124350717447193832772542428077809003667123258076617712540815110803402857618541532818348082436745866526874404695202068840609458738825353872043062037271401693309770469366267836843250841166163499531293984946636367917188951568703845628079483080653149498188198612498631848762194913227199228448125175484541387153795739516859637249713134220792242540182017371797977680495968439113425157435635985526059074311837189215331116581926654161610751173944235060009389814456925720997129614359578592775035576010717142143564223355998119251798592723350087967845992877850050556104020945810797329406166106886014607988766882721014344339942333275319839241475784837526521781768586557013197123543033033955819890540517128636689892704511938310530220231961924360600985843376397268398681990110865536868164238039997225710392119256531018521527536447361074587499659114927745009215159515185098312861382028844515314902905119349319911658335458248213455618426225660786751809992477786502414169322666233712668337968922803595311701198387433003693940832326143408129666252377916207343089098153056357524973779085615638750762945903947338139593251430743713216048035066916527765082512705900128656214987334623397002499721336848197348267892491428039039224075525019694670407515877552373471254420819861996686230614568301960869288535955512475582541209440672875919502859718700130475910354825110062775609786308626111501328319301114660889608128982612772936541455069163550979595973099328993523800794587991996944275772277816516381002429297845827848432535097964079295312893506880562973597002471520365840874784664482554955586738070565876373838501378957846684785420910788261215955402778381326246671812183935836060188002444045850602648881871387616702754372116031518285428081830209827568869534008053152195591497444706512423042218018323489954636199180445658925919835608022107866365064022163203764451305550893942060569776538523712566438601982368895641915734515025548550875368197974792703593754549227058527774215361443322665261958670847783690114070576117083548877061912809225514785938699082837858585903897690934954015702845596833922017682893431448125001609335034882143979902174036007077165033181929233358573727880079795067060297688544101363968998391593170262428792713693691104410849205285735976234543534839371013738109404487173813863498479474941272603008568776929754521310239146998240811152501337315680722028108258718588761942324937642692936393791059974145134150793274727992425763226351893065485010052194705426073941109295100289540346146689081756262367053871460401328825224057735910430146809727023419568775072290536834774627102440907390576049277641450882930074981342565933177943521956392198333991205341166258484293652003563237924415752917754133688040604140242501109909442155460299153802340749011750526622073059297537054314961341971610138176140247485230509089549439128589640618131285504859650663656785447381761286756411820903359808780365794924169161025665840711649454056004634641949926963482601623989283500103304630077753525884168591958596847924411148625256681945929799492776560149927611848423773190034370970479098363156765338117545640215279356298086676624582102948545970505422690705340465743578375759310899197865703624849705078043787992695080119684673631043382698629484167034208124158101353498867211461240306331322143172622648858452470628010529265815827851243208598739049687826324276715696210786552786707235169868925079298984854534617103832674345647731090239160564192569036719287000368266043861488761550575982645522496663120296064091918519678060507270353928518940850622923451416188908135947720747198406599964712624659493762560544962197036540734824361466616031115073768893171953107922573524207279559892152969400224007818691790697174432649628743323324951442448046806569047502032940035702266089120377395271581229269473203656483630363849257624804065787309621742110874393216251223628054387979730196938961572509271835621590217200446060690848788044205586716979988451304175513642178000902667994858608240522363633538244599478157420113989711487332372253120711933556370738315618237309548035727960104801035512664903880218969061766191207478300143269568643490310504262719421434445111677939650182907947415532777871833431437503593649068269669682690331052234342923346524073005613344744688913161360005817335628348936692092698864574383064076579940180106941819111573599381228659973447262189513018053671462716962997174600506455236082642274467930014885186586338073771002616833258281517358109365307820446862288055208899985564685565013759310860479064736250795360263072802493954358727231891658937250878068435485094746099109803691052560609709555430244247676056135545956836843264435842357748120658367519341902206249336573417220545394766738699305205217800083649209378844914787931885099725880362811339590744438136600529224136209131760806331360424765463073590715705531922144649400351698584560349179696473943160307565753633402052668753119774495022607547536422762872678419051058680984253962916761849172733833740114297339369462234868960313220735135257052524570860829967679823771005126238216563938383582000105551765407162720658348879585170214506084640868375063387523350403335264745349366944733656796044859216158419549104750278919948734462778949930590734316120812220439067531541977711013426117824757225686099560075641855896484134013570054341048366534594238168389896865222797381590781681242919573294246010943581802036903552464708866159039179617079823995606255665008958154502028176654564412952668122247290891133252959619166613263213999254246162474506863191968895693313245549194976284954379902521029655412862763228281491359564064295261620665995232115261613995067972486370297417413396403609591212942024759240724946248512459989546423634024389441745996113480176929700113494931045747919692725983815405412887732206457274630413359573197696225160004712003576932448354363602250247653209477498374576948112339344003658933581221696291430419591723724030599132714098254776767878455751373883648987359803862470252622536204101339492179658380396838614178899757870646044814583825250299939465697743269859493857390260329445753971702993911875719310613123434104345052570146112714400111497297650536410061361093207065116479228247618729774316757678738229146706106993039965520413940923334841507916700666459494143809257730773158396633412081153742871193631770984465175365836233192452656496636934138558872601844710322844681451724363645955572522280924558673958415752730324749641235586415838939337375853584138833972968383735362109574666321194492301114778850002706004634254947914353089361378481911378407793102560622852259475135882396605137142417135785026724561495242573844365932447492215562182444748876703663608780608034846967696868335552317088517148868020325619571782789542064785368238382427050408206661533423146573314171830971518964047330613699889619707590430434318145631716161481627855059024113638564248096353933535651578422613835391220161203233440163626149064143208050544267423955266325087610018308251173955459160502766028455340773600690986101586897617375979577063761628544251438680098028142382034515291376525262732695748906101834396692727867992819788474289438596114476572995834605294693578958701301103570414741438063197464620031498753632993074273253355326732242350752775422477577835589345017655442251928116085513779564184790362694076761175375637228591414235302248733122135157610156778575606554401771640763711306447748820155246099879264649485279766658008679818921272094986442844222596325983939267939006033394329277365093832145660918931479765003568972937495238182843454419617499205854774398529916147756681931551206373878680460128144974292628643330654473633776382426123196871224901956977149936508881198704970574490905817016548070812936521903051739270517825293859662170811499759021730632186879431897729284300926528322021330450323915032460899851724026069198012292023343619896649901059877841510582737459061437979879192149649777328713959470846690277487202944632137363938924902541459887016627146607004963780971237388675599600975552188887255841159545734217525571504416461249315032981089806564936200119301807418885864938405605783854692960262440522841669374609062220375980062012351490513110038584984277039962898589695866141343261256413121317253442931374642768687889306791416929720758746816287853235517348828732286944930661255594116676631050126961768392056343987125400016968234047888026878430144619982195580889607575319182407113680167749693452896139672503495331966748854476564030417063847553938367424067544558257667569760631345988061072726707372420009211671425879803140664660181174507404761453259172073712432475687868426232507528529810679996908799239979382561636601280606761076100211483128693787489738087849890169074105374397442302047842424167460842296855788198277509995544989694380321720182554905088654266190257912323889101304029994866730801699317187521636065448855969592341802254177472070622602855118593069540805352111147511177439505441223512885679783950035268326417912241043240747763342877294953259466384517950476082779042173962782426983297236317526815590615671808747893821505417310139759240718211095841396416456184181636965099334260178235281574112062487568947339880725545192492858049598741625980036015500767878781267984867988147660565369242561394089210057343129061160702032667193711524241976035383296364810327534327787456674939970008829496521212576592327252033419775716091467190139209515014131723875694476846777479601968543289539174980964935067643711155645640247786609328573425987163810537823447988139163335157500087941870821383038676053594641578249543974879806082261795733013119771656215641301711303907742246321201562198599400084362342405320377964072131935535855156633007929018339227309606701655716351273525716585925343046658105030456661072452512516062329076524031427503973771494367203765479969735779343871637390134289240133694998563082768669573384846489344928205766539091141327593283372212388193132042675070223555196202493412048828471834407324936591202065283649408410080403042170689423208837656726184133606602405232434231828245268494329594561203212063084542152153563092263453915482151308851916405667292570057892392727658836580785345701819752390225696140438458395132971170649670834837091682332631117653283584755030329673840753332242998817537561387658331005497716100068953670293763777429033500834909276757863096329063855261298838686482603608720320808329308485538188024008890422401260110690031081576823582948201585151409196879454057156939903307771490523828060410598757896564100102897094518049489489516470799210819387413481965261840772673607228283516647498576105686573598340809860923199661539009332662454493453854381156604011027126636364313734500841942607830367040328084378862837522555106551888654547813182263925390348077775780923820571571994952683645184324791607444161272316196067306418663469512673603475525566439571968322259010204685040818377226685384012343537525829534788473444519860815556775714541155485950938744902818457471609596443731899369823569052328798863469830946730537846727222940536442288162988720452732421626185754523021682114769370546657524264064578013425917037492210244656872181302687794891371509173218468704496985079455260811335288070507121418601094333640293658124751749460069650871503316756756919717362192671172209594262216090251750070244886919911222664836707620773139403520442202290502894450927457315917844223771004947523496723098477679059383786495880805480812190250110413762440057012401496218157823346253562129491658672891102452160157944297325015248211233580425472724320710801804360516841661282210277987134954182961012571208772958999765626434586324418116280680281791478042105064069722030518008099277839749452333285292036443566800887844540806738492302824566739864693402052525516113834278555200194472412772150852079029837445698385755556260660040995975568166955440778529705898501481091136388911164632804144757496853631627549292180286865908860105861766604959343982338106102264921359010427012446466775801487540409452981590969227598575775150711334748061468393926960831296304260950355821158430630003731714349789320530523082770670860520634609250724706691246262968351952386442403175342541843421835452469365503642210610129310112853127360954799961957558575044014871979710438255822146585076364723798541886391818131315078421093015194206584282504661480099148449160613757840012345810035249671246483413687471899055762188691363663105422931150111979537694371835805851976223251713384958702298846914719222062149265809578911974329633532949449287124156763334777544618947400021559481966681529101550734619191450187208050525280241099691598265703127299886865473127674482360224459841930862106222547548403072556289805890293447315452236982897429687422115951734296569008201460407849797571506647633358734715114919845871391553581258952444953299941041080766243686437428562631592148101771467098735086053036891081366070766681988949420344166653843193872417371814349519892792035023118064108430528564873623078766648502453002023855942572871940234099953425788413016562824236852859947948494779873440042291105102576811466397282743241487813122011064801891089378849521559919276296442291849475581812572175086777854838440675513509671730245913896839266525213969082223549422576575630285088970108133852550296484276642857351017801419346150331426386056406924454145644588775798686572864142741323849434440719771115001176282400187057774851194437026276833352316739421707848837044067851253808724545385722656389468019298333447085190891426519600526291344801347245260814840491524665526749955093136477553706036641340535829508564223395157903374029407593425276681535230190494547533498555222551076983746421898040837769430285022868508546888951636131705906048616364558867994641264980556746261754547612900237963965896964559096593899304402135063877327123281892963256936965239181328442942680421815862254461390238924437749354222342756296031253352022098064141462609010688330240735259733694185237499812493948104546328124783041756435231557591444124252108361865263520938757310521382894724670356860609929814727355919386836121732051911816570765373251298690648502475126761184126480841745328812143184715907024287195836415243352992429054431593165563285523432144008257786955255571250687841515020730489386527470067214169607720649742215489443074796325080640908389399017208656908467447414577355082327958075959840075532095316911966638192000958187164231521937128606788093200199138001225852454633555718424699219700413320420333598793909136162198320145905996957438105639302762638715024989844671563442922954917681461624208914367699225721573081478648329070895329146230627862182532796370595756842010016086569911389663077872637529663830774499792089402476996114352732847465465160650566144174395598600410468737961474251105504538106492610857373321552124925892294961167538378395448029061904448593417191169740621947004285985617234121082865877997714633345268500253222704851474596882845653529465517825915028331609780463284429946176399934245437688340132116665111642304687273260329392246806624774371206927485276905523602985576876558260480469442742779739047151996608544672924962064043805321554793705446946521091125134227157622127733571259267091207373417830812516535437823421788955572422816633684155296420929864351947630924225723105568342484432562762984230581223888360104508407463967271249646871385555487888240932494199241290377220605038440251323415853472711890525585228494461700887809185295645118181426788586955045483768871139842961137908138702517516508711632734798892461915919434976815251401564362935437265219338237020779647531912048974667757816252120840179401971087391633284576998794500949644874722633332503455139273449461363866487842578393084961755683395564699773209431004974108152816971849420357906441846645650998690570727818758820821765800357851738249792115499468133502248948239954551896370477389749625259070392060377960391631232343452434081839569376931722422312303526170018720144940723113076274267465610646687772386905474074760548650926865439237129804013507730340803959580713460384406257008404942020797690749107257610130211320228997280169675963447065348967153683422569876782174679303897298743515966810862871470893376314146122508059557189194041948042343305038669905619333382780388699704854916901740459886459934554854470933732529712823887785301972436520251242256341165104507760412802628813246987862383503169739177257918129632594331852184968598268232576671316483245820100105244761484727778662579061234694735873721601942401987287350798917649565721301370810209080152166923642068216289516849616087926038816681551391128726410139961616178826518924624848043958215760914620628974506194022548141399472155266614034764147869068953585520743494251070439233443735349489833991436340323769072026360464486675718432676343492602315298807175348914213388067702450241548963816198741411947742758810590921687226542769711200364697723301215543276074382525577912795239769000259902924046916720305138118175076783551409348591491205250578059591016312328045165105223595297425823641680048545678435410814285808574135907820125917460399569335080913864920524316428405889361198929803962154837494482826942787354076527642382049221299769472818709805841222687329504601417360340829297265142511881739309347535798584330075269735323578006998391052909957408328456484863173287574611350172453238793294275243633590874782931840570755813662241151572510046243953903594922081936670727889971165457297082394520263924868085296433885065241896647083670961359485035132707789416979959340454514748232961181735807961199302787972406097018684907392550447105991146837798372771680968668463282881866749289174742076667291797278362678148780872778797743600687137493118916665290890130381066301035661356137402990203298766501197953890491799300863972830501327329917889596975833915892562578181160297799306670053648183732611575313973050010319438715495954631867720853334656093397635808261312019367798007366241934177246437760127171579023523000056263771489640523102771142993883781457550327483631231567247380445786271688394965782794475194621119866107212081802221395332734291582852033669665295690340835749905076651654378232551404600722027562703136588125189613430332153970000228998312211157226697570353184723537518230527726994271478115140537879651306074499600116103880384769101673794447025848344485439664405553338105609666151256780366153625773204415281436285765339141393936502960605173408280292647899483815497318414420214822377663386495362403336686090797620774834929801983623738754269729613042834197626311812212440493667144864924914495054872353819235107574156187003980981936632734532004946219927614777453174991490570272734682484821245878076999124740856699870541227183734507471750190433178169503361988599246614657934307041685098702248978908210441830129964705942443988064361992709424820408742179960668494974394072310435958841559792339736163725435508322891296299940181589678394318432362854354131388813136902940708652609354446613510857884970137605548130910024746628380068900649696146486310096376511984829781728813272303785953190579447593842627478799132478980405565073759903920986724854704900510944527456401265279807127987799818925173901461691497107461043644229677585008839474251339594406228596860529059257866390687520255623566289677889748996667119542221049348588807010191386679677839311688890314104742697593684335308257683127086027320544463771792397538870542902005242067166428385395901433994123930892124443162341404637737695859361348119217343969250789608891111329828078990804635505827330261789109028070106820263616140188377871405226921265038218227885044108726258599663276715573092669058509249854822909352741914507711251252085644403893287055656737543990025311214089973997246410819796838449256757365980802683295716189371283533746907416173073519932536853225881714889465546145168095451338971804793985159109386569407274354195584883103408586618606889289659944317730639271378558207928388725496480538374249839094111645810856928117869736861307646719444491504545221177914520789839172371515856338510522490247405425683524646460351585790738535892805957345550060401005979325650522658013654126122159211214654037598081141791797571878272216489119881819905021068652924301556397962719750365808355823426870864284623642476132493545349895441756722531522692300243606247418642924788255490563071885799436736710430558844551211866671103669119779883177508811450421511345980476817642580514529281979621006854556075338022201294842870390012800746833221452202924684221047304926383111051592431877374947210040174602544627786522456332446383694903479410495372146698172233393528439390698875151389141028458123250802734412830112683766964843954104058441225508801113653098704021615065089937523972648460647425703667921924617336699379303837394474083682564544055282010118382376196082120810513255592376467700360169975105602780577394890629817856891543405276921532069565423821864200589596054090423350315058559618807923135347780690810247763673164089938201670301130317369066801827133168898845599716105677192730582454244924510964984119893400368745171538403514519863911370086539979069059949223492273225463878424687139621003544643586768593507702833826435518688863197403369538864835674575226163733882786247493244046270922307951904915177332474152285159971949025893663389816822955054940441124827531552364916623124823430411087999857167259282946153276842609029869570778495213568911178587383995257408858716418030756367137623086315010600592108499122495182875882809947150933153939525534056768303873745993655129804015034501466756830810803361799130663132101635935075085878667723797833241782330758737981961130400785311650863229844154221702712755530741095712674012507655353656610894263084656745029251727413472654157492510601751783215195373088435599421067520344441888461988115281634892283682503113006368766999878384125248589229863154718208208407066123495528445882917348112055501520180198455095631881537892851444468143155271121737822544711412280192248065184375083812803466995103357299869353060333719754633156195764103701030766377803935549596653114406850582114211225621160017921548576221060946803230413430274383788173614807702384941592044861452910081953934130177369950398851267460182699159391386685390197186379713324135997854271580231564717865865103073176047401240437860517928932902607666921444115206076262670143748570357320369728644611397533249462988189300445365835363333245378902261879078005970957280892163552633319408287923695565162486013431821127817884705768684507743945705915707219147375162788192076333112180695768505739853925644150749268548131398005962135391199747378608153704121540723541967218547386959989674049868383491616238176826944749700665560530836639591094846874773603702908444011373746858501646062658400283929524068637938143901137021461435431097976599491210290596311016902855720546326227702894233695028040574927737085765508431484151463209776538514050799960908294649796049419359206543574194065673266100793978408022612700499091017727532451107878277328620171046402454582366334640996445269872136323124424854687668428932666086378200308661498730596640426698189981077467336771529286369384786046226624256637646175302638596134615179169885624399219386751692960382920066627250321230696454366829451652997365618804479196509756604504328345432608294933911202618765898288975580099683699429076122115121450751468251089744834386416255391844155087212387423074484709644962765511231347926175129099133984735004006096828138550831683374074142769773153946610246574504094074405039162857349095167159187309479938031246964102181575988424530749612125756324800969346533153839616448761535047964515104776782763000912858763045354677078245243601571964306671487362671522800788416623091739433572408799475760253458449238084085667703678312581328913828721234869539938817815311421890613381675576711830635352862525557728855151632635824851330413143959808150183667665530792111698576954846444925801359993932382911315151423372071272253586868528439815940690949793373233674878841226650014501409441042411805670170935987255365359110179482126665894804395032836230220306515866850787616937078507015674120508390438926339607868739629345158240548751971564374458031600225858075149202197745063832448048558296450811042827801777618379195743069272083898364086246854433410763648053106903429827285215671766899239615996510854028146459156112702033667986055673520760865323730379816502879570123716409337545063229850611051751878906512941574463259988521179619722608130431680643800083522022836262208867153298538931540808508235483460876767737759604090496364752461567989079972839769716927359357700767563728806948626014190194672283792176183131582297334433723558641647464997833361331048211927512577902564920593790061946586881067804046183648384073482549557604910246860087760080318076333351560196976457074988895897247117963309002175514381368214913993000108003650700115422210507742577370740094356650540761637926414728448274408276986682874936648889672022416091601059973744125715266245895623439173262055764378964705925871229589766670368252769133332271009280475349824712453139060526988779758966246445755405668078548751349708808688586465876018489218500341490347611093704279951275722725514523380760601584592987034829624524142666655254257018787665729920374137708403497042697054561717933732141674259550158471348792711244579371639393123771224109828517483227630296084917068034386355263767835805083703892695583678646891225036967732327119904355745834385101488173911376366273432614431827133962638048143316183324020421333542200639726765433040900012551370697971261021488909664534009968263685910755569991878807507481989195441554203369731429309419483696254855509588410733100064527360554054896441704421576082908806859788125840561552366073748184771407727788308641147343134620656510535721602821767426772027053640980447269912891817026786330618953992017062722851270694121348957014968848198336453892269352239955688092754810542773946403817665345219861165231080407436997359789896053475408243150571088524897739996325274160895041091897289433092141295894089606985894964000238219494969605862963983808216584831106151921651956655265338391622756520204515994842257019785147339449051141239316567229426078811109237404817932034405502482489370323276291064791995400289851457179547334409705622429687498705120596097119124642759917691442830190207455406155323186214294496406381820746769337966883042274510103101393259662552321270253492252341269817893959243061229843073599348458726418216664248895309863563818804000363709905851165262333988618853347031969107050851468007815342792345947264515010835767487445683550024497871351365468222422268775873020031364297462435156388833633661481354677431651124350408144231213578814447187500877249353295714387684585087616502691837003517100970983569406696181470108861117891111721557954994388019103163933856978004781452647211853215995448911072102112793788049639924836498804177230563195433707499016396964088478209349416449315671343037339092628257770689595245388693993317065173445341438909389927471101995170840423654440906210221273490627750898542250569574602155950011850520680973993433774955828402709772191474010319684924912690333391272198190309129285636315506635445010885073030970727120452989296019989736477854646957301596417851819201633269727755075375447391807900020455609784670925386848282787871009213177161397818188246082544011942098817648074218810078509590569902159290205177282089856361064190982383387109430175175126484877307889284226499813515552696992670649165809289511841917558612133287178412088953051211527725560363002961971599002035347186203810551359079493714466281141593428648531283100680003032893383902471351521019517492415821217905720509853504675709206647196418009424765121977060673606152191842220907543585025606818922747403010928076065034112424404974680325516663444748334225607026502292317488583468713551719400647931478565861135132189002051038488662763883517362011796248738750341521801317931005905381707320192840485149369366223847720207519842304000000000000000000000000000000000000000000000000000000000000000000000000000000000000000000000000000000000000000000000000000000000000000000000000000000000000000000000000000000000000000000000000000000000000000000000000000000000000000000000000000000000000000000000000000000000000000000000000000000000000000000000000000000000000000000000000000000000000000000000000000000000000000000000000000000000000000000000000000000000000000000000000000000000000000000000000000000000000000000000000000000000000000000000000000000000000000000000000000000000000000000000000000000000000000000000000000000000000000000000000000000000000000000000000000000000000000000000000000000000000000000000000000000000000000000000000000000000000000000000000000000000000000000000000000000000000000000000000000000000000000000000000000000000000000000000000000000000000000000000000000000000000000000000000000000000000000000000000000000000000000000000000000000000000000000000000000000000000000000000000000000000000000000000000000000000000000000000000000000000000000000000000000000000000000000000000000000000000000000000000000000000000000000000000000000000000000000000000000000000000000000000000000000000000000000000000000000000000000000000000000000000000000000000000000000000000000000000000000000000000000000000000000000000000000000000000000000000000000000000000000000000000000000000000000000000000000000000000000000000000000000000000000000000000000000000000000000000000000000000000000000000000000000000000000000000000000000000000000000000000000000000000000000000000000000000000000000000000000000000000000000000000000000000000000000000000000000000000000000000000000000000000000000000000000000000000000000000000000000000000000000000000000000000000000000000000000000000000000000000000000000000000000000000000000000000000000000000000000000000000000000000000000000000000000000000000000000000000000000000000000000000000000000000000000000000000000000000000000000000000000000000000000000000000000000000000000000000000000000000000000000000000000000000000000000000000000000000000000000000000000000000000000000000000000000000000000000000000000000000000000000000000000000000000000000000000000000000000000000000000000000000000000000000000000000000000000000000000000000000000000000000000000000000000000000000000000000000000000000000000000000000000000000000000000000000000000000000000000000000000000000000000000000000000000000000000000000000000000000000000000000000000000000000000000000000000000000000000000000000000000000000000000000000000000000000000000000000000000000000000000000000000000000000000000000000000000000000000000000000000000000000000000000000000000000000000000000000000000000000000000000000000000000000000000000000000000000000000000000000000000000000000000000000000000000000000000000000000000000000000000000000000000000000000000000000000000000000000000000000000000000000000000000000000000000000000000000000000000000000000000000000000000000000000000000000000000000000000000000000000000000000000000000000000000000000000000000000000000000000000000000000000000000000000000000000000000000000000000000000000000000000000000000000000000000000000000000000000000000000000000000000000000000000000000000000000000000000000000000000000000000000000000000000000000000000000000000000000000000000000000000000000000000000000000000000000000000000000000000000000000000000000000000000000000000000000000000000000000000000000000000000000000000000000000000000000000000000000000000000000000000000000000000000000000000000000000000000000000000000000000000000000000000000000000000000000000000000000000000000000000000000000000000000000000000000000000000000000000000000000000000000000000000000000000000000000000000000000000000000000000000000000000000000000000000000000000000000000000000000000000000000000000000000000000000000000000000000000000000000000000000000000000000000000000000000000000000000000000000000000000000000000000000000000000000000000000000000000000000000000000000000000000000000000000000000000000000000000000000000000000000000000000000000000000000000000000000000000000000000000000000000000000000
* UtilsTest: @After method
* UtilsTest: @Before method
* UtilsTest: test method 3 - checkExpectedException()
* UtilsTest: @After method
* UtilsTest: @AfterClass method
]]></system-out>
  <system-err><![CDATA[]]></system-err>
</testsuite>
